TN:
SF:src/FigureCalculator.js
FN:2,(anonymous_0)
FN:6,(anonymous_1)
FN:20,(anonymous_2)
FN:34,(anonymous_3)
FN:48,(anonymous_4)
FNF:5
FNH:5
FNDA:15,(anonymous_0)
FNDA:10,(anonymous_1)
FNDA:10,(anonymous_2)
FNDA:8,(anonymous_3)
FNDA:8,(anonymous_4)
DA:3,15
DA:7,10
DA:8,4
DA:11,6
DA:13,6
DA:14,3
DA:17,3
DA:21,10
DA:22,4
DA:25,6
DA:27,6
DA:28,3
DA:31,3
DA:35,8
DA:36,7
DA:39,1
DA:41,1
DA:42,0
DA:45,1
DA:49,8
DA:50,4
DA:53,4
DA:55,4
DA:56,3
DA:59,1
DA:63,2
LF:26
LH:25
BRDA:7,0,0,4
BRDA:7,0,1,6
BRDA:13,1,0,3
BRDA:13,1,1,3
BRDA:13,2,0,6
BRDA:13,2,1,3
BRDA:21,3,0,4
BRDA:21,3,1,6
BRDA:27,4,0,3
BRDA:27,4,1,3
BRDA:27,5,0,6
BRDA:27,5,1,3
BRDA:35,6,0,7
BRDA:35,6,1,1
BRDA:41,7,0,0
BRDA:41,7,1,1
BRDA:41,8,0,1
BRDA:41,8,1,1
BRDA:41,8,2,1
BRDA:49,9,0,4
BRDA:49,9,1,4
BRDA:55,10,0,3
BRDA:55,10,1,1
BRDA:55,11,0,4
BRDA:55,11,1,1
BRF:25
BRH:24
end_of_record
TN:
SF:src/MathBasic.js
FN:2,(anonymous_0)
FN:15,(anonymous_1)
FN:28,(anonymous_2)
FN:41,(anonymous_3)
FNF:4
FNH:4
FNDA:20,(anonymous_0)
FNDA:12,(anonymous_1)
FNDA:22,(anonymous_2)
FNDA:14,(anonymous_3)
DA:1,3
DA:3,20
DA:4,4
DA:7,16
DA:9,16
DA:10,3
DA:13,13
DA:16,12
DA:17,4
DA:20,8
DA:22,8
DA:23,3
DA:26,5
DA:29,22
DA:30,4
DA:33,18
DA:35,18
DA:36,3
DA:39,15
DA:42,14
DA:43,4
DA:46,10
DA:48,10
DA:49,3
DA:52,7
DA:56,3
LF:26
LH:26
BRDA:3,0,0,4
BRDA:3,0,1,16
BRDA:9,1,0,3
BRDA:9,1,1,13
BRDA:9,2,0,16
BRDA:9,2,1,13
BRDA:16,3,0,4
BRDA:16,3,1,8
BRDA:22,4,0,3
BRDA:22,4,1,5
BRDA:22,5,0,8
BRDA:22,5,1,5
BRDA:29,6,0,4
BRDA:29,6,1,18
BRDA:35,7,0,3
BRDA:35,7,1,15
BRDA:35,8,0,18
BRDA:35,8,1,15
BRDA:42,9,0,4
BRDA:42,9,1,10
BRDA:48,10,0,3
BRDA:48,10,1,7
BRDA:48,11,0,10
BRDA:48,11,1,7
BRF:24
BRH:24
end_of_record
TN:
SF:src/createServer.js
FN:3,(anonymous_0)
FN:13,(anonymous_1)
FN:22,(anonymous_2)
FN:31,(anonymous_3)
FN:40,(anonymous_4)
FN:49,(anonymous_5)
FN:58,(anonymous_6)
FNF:7
FNH:7
FNDA:6,(anonymous_0)
FNDA:1,(anonymous_1)
FNDA:1,(anonymous_2)
FNDA:1,(anonymous_3)
FNDA:1,(anonymous_4)
FNDA:1,(anonymous_5)
FNDA:1,(anonymous_6)
DA:1,1
DA:3,1
DA:4,6
DA:9,6
DA:14,1
DA:15,1
DA:16,1
DA:23,1
DA:24,1
DA:25,1
DA:32,1
DA:33,1
DA:34,1
DA:41,1
DA:42,1
DA:43,1
DA:50,1
DA:51,1
DA:52,1
DA:59,1
DA:60,1
DA:61,1
DA:66,6
DA:69,1
LF:24
LH:24
BRF:0
BRH:0
end_of_record
